[2021-06-28 15:22:43,094][INFO][main][org.springframework.boot.StartupInfoLogger] Starting OnlineChargeAccountApplication using Java 1.8.0_221 on AKIDARON with PID 5732 (D:\dasan\project\realproject\OnlineChargeAccount\online-charge-account\target\classes started by 秋长武大郎 in D:\dasan\project\realproject\OnlineChargeAccount\online-charge-account)
[2021-06-28 15:22:43,109][INFO][main][org.springframework.boot.SpringApplication] The following profiles are active: dev
[2021-06-28 15:22:43,812][INFO][main][org.springframework.data.repository.config.RepositoryConfigurationDelegate] Bootstrapping Spring Data JDBC repositories in DEFAULT mode.
[2021-06-28 15:22:43,812][INFO][main][org.springframework.data.repository.config.RepositoryConfigurationDelegate] Finished Spring Data repository scanning in 6 ms. Found 0 JDBC repository interfaces.
[2021-06-28 15:22:44,203][INFO][main][org.springframework.boot.web.embedded.tomcat.TomcatWebServer] Tomcat initialized with port(s): 8080 (http)
[2021-06-28 15:22:44,203][INFO][main][org.apache.juli.logging.DirectJDKLog] Initializing ProtocolHandler ["http-nio-8080"]
[2021-06-28 15:22:44,203][INFO][main][org.apache.juli.logging.DirectJDKLog] Starting service [Tomcat]
[2021-06-28 15:22:44,203][INFO][main][org.apache.juli.logging.DirectJDKLog] Starting Servlet engine: [Apache Tomcat/9.0.41]
[2021-06-28 15:22:44,265][INFO][main][org.apache.juli.logging.DirectJDKLog] Initializing Spring embedded WebApplicationContext
[2021-06-28 15:22:44,265][INFO][main][org.springframework.boot.web.servlet.context.ServletWebServerApplicationContext] Root WebApplicationContext: initialization completed in 1093 ms
[2021-06-28 15:22:44,781][INFO][main][org.springframework.scheduling.concurrent.ExecutorConfigurationSupport] Initializing ExecutorService 'applicationTaskExecutor'
[2021-06-28 15:22:44,890][WARN][main][org.springframework.boot.autoconfigure.thymeleaf.ThymeleafAutoConfiguration$DefaultTemplateResolverConfiguration] Cannot find template location: classpath:/templates/ (please add some templates or check your Thymeleaf configuration)
[2021-06-28 15:22:44,984][INFO][main][com.zaxxer.hikari.HikariDataSource] HikariPool-1 - Starting...
[2021-06-28 15:22:46,597][INFO][main][com.zaxxer.hikari.HikariDataSource] HikariPool-1 - Start completed.
[2021-06-28 15:22:46,659][INFO][main][org.apache.juli.logging.DirectJDKLog] Starting ProtocolHandler ["http-nio-8080"]
[2021-06-28 15:22:46,674][INFO][main][org.springframework.boot.web.embedded.tomcat.TomcatWebServer] Tomcat started on port(s): 8080 (http) with context path ''
[2021-06-28 15:22:46,690][INFO][main][org.springframework.boot.StartupInfoLogger] Started OnlineChargeAccountApplication in 4.001 seconds (JVM running for 5.825)
[2021-06-28 15:29:57,899][INFO][http-nio-8080-exec-1][org.apache.juli.logging.DirectJDKLog] Initializing Spring DispatcherServlet 'dispatcherServlet'
[2021-06-28 15:29:57,899][INFO][http-nio-8080-exec-1][org.springframework.web.servlet.FrameworkServlet] Initializing Servlet 'dispatcherServlet'
[2021-06-28 15:29:57,900][INFO][http-nio-8080-exec-1][org.springframework.web.servlet.FrameworkServlet] Completed initialization in 1 ms
[2021-06-28 15:29:58,007][WARN][http-nio-8080-exec-1][com.zaxxer.hikari.pool.PoolBase] HikariPool-1 - Failed to validate connection com.mysql.cj.jdbc.ConnectionImpl@f425231 (No operations allowed after connection closed.). Possibly consider using a shorter maxLifetime value.
[2021-06-28 15:29:58,011][WARN][http-nio-8080-exec-1][com.zaxxer.hikari.pool.PoolBase] HikariPool-1 - Failed to validate connection com.mysql.cj.jdbc.ConnectionImpl@2a4bfb36 (No operations allowed after connection closed.). Possibly consider using a shorter maxLifetime value.
[2021-06-28 15:29:58,013][WARN][http-nio-8080-exec-1][com.zaxxer.hikari.pool.PoolBase] HikariPool-1 - Failed to validate connection com.mysql.cj.jdbc.ConnectionImpl@2fb0571d (No operations allowed after connection closed.). Possibly consider using a shorter maxLifetime value.
[2021-06-28 15:29:58,014][WARN][http-nio-8080-exec-1][com.zaxxer.hikari.pool.PoolBase] HikariPool-1 - Failed to validate connection com.mysql.cj.jdbc.ConnectionImpl@b590e42 (No operations allowed after connection closed.). Possibly consider using a shorter maxLifetime value.
[2021-06-28 15:29:58,016][WARN][http-nio-8080-exec-1][com.zaxxer.hikari.pool.PoolBase] HikariPool-1 - Failed to validate connection com.mysql.cj.jdbc.ConnectionImpl@40911cf9 (No operations allowed after connection closed.). Possibly consider using a shorter maxLifetime value.
[2021-06-28 15:29:58,018][WARN][http-nio-8080-exec-1][com.zaxxer.hikari.pool.PoolBase] HikariPool-1 - Failed to validate connection com.mysql.cj.jdbc.ConnectionImpl@f17f1aa (No operations allowed after connection closed.). Possibly consider using a shorter maxLifetime value.
[2021-06-28 15:29:58,020][WARN][http-nio-8080-exec-1][com.zaxxer.hikari.pool.PoolBase] HikariPool-1 - Failed to validate connection com.mysql.cj.jdbc.ConnectionImpl@4529393 (No operations allowed after connection closed.). Possibly consider using a shorter maxLifetime value.
[2021-06-28 15:29:58,022][WARN][http-nio-8080-exec-1][com.zaxxer.hikari.pool.PoolBase] HikariPool-1 - Failed to validate connection com.mysql.cj.jdbc.ConnectionImpl@5aa5a105 (No operations allowed after connection closed.). Possibly consider using a shorter maxLifetime value.
[2021-06-28 15:29:58,023][WARN][http-nio-8080-exec-1][com.zaxxer.hikari.pool.PoolBase] HikariPool-1 - Failed to validate connection com.mysql.cj.jdbc.ConnectionImpl@3caa9453 (No operations allowed after connection closed.). Possibly consider using a shorter maxLifetime value.
[2021-06-28 15:29:58,024][WARN][http-nio-8080-exec-1][com.zaxxer.hikari.pool.PoolBase] HikariPool-1 - Failed to validate connection com.mysql.cj.jdbc.ConnectionImpl@5b5c5b36 (No operations allowed after connection closed.). Possibly consider using a shorter maxLifetime value.
