[2021-06-13 21:43:28,361][INFO][main][org.springframework.boot.StartupInfoLogger] Starting OnlineChargeAccountApplication using Java 1.8.0_221 on AKIDARON with PID 9504 (D:\dasan\project\realproject\OnlineChargeAccount\online-charge-account\target\classes started by 秋长武大郎 in D:\dasan\project\realproject\OnlineChargeAccount\online-charge-account)
[2021-06-13 21:43:28,375][INFO][main][org.springframework.boot.SpringApplication] The following profiles are active: dev
[2021-06-13 21:43:29,090][INFO][main][org.springframework.data.repository.config.RepositoryConfigurationDelegate] Bootstrapping Spring Data JDBC repositories in DEFAULT mode.
[2021-06-13 21:43:29,103][INFO][main][org.springframework.data.repository.config.RepositoryConfigurationDelegate] Finished Spring Data repository scanning in 8 ms. Found 0 JDBC repository interfaces.
[2021-06-13 21:43:29,595][INFO][main][org.springframework.boot.web.embedded.tomcat.TomcatWebServer] Tomcat initialized with port(s): 8080 (http)
[2021-06-13 21:43:29,605][INFO][main][org.apache.juli.logging.DirectJDKLog] Initializing ProtocolHandler ["http-nio-8080"]
[2021-06-13 21:43:29,606][INFO][main][org.apache.juli.logging.DirectJDKLog] Starting service [Tomcat]
[2021-06-13 21:43:29,606][INFO][main][org.apache.juli.logging.DirectJDKLog] Starting Servlet engine: [Apache Tomcat/9.0.41]
[2021-06-13 21:43:29,693][INFO][main][org.apache.juli.logging.DirectJDKLog] Initializing Spring embedded WebApplicationContext
[2021-06-13 21:43:29,693][INFO][main][org.springframework.boot.web.servlet.context.ServletWebServerApplicationContext] Root WebApplicationContext: initialization completed in 1239 ms
[2021-06-13 21:43:30,387][INFO][main][org.springframework.scheduling.concurrent.ExecutorConfigurationSupport] Initializing ExecutorService 'applicationTaskExecutor'
[2021-06-13 21:43:30,522][WARN][main][org.springframework.boot.autoconfigure.thymeleaf.ThymeleafAutoConfiguration$DefaultTemplateResolverConfiguration] Cannot find template location: classpath:/templates/ (please add some templates or check your Thymeleaf configuration)
[2021-06-13 21:43:30,621][INFO][main][com.zaxxer.hikari.HikariDataSource] HikariPool-1 - Starting...
[2021-06-13 21:43:32,028][INFO][main][com.zaxxer.hikari.HikariDataSource] HikariPool-1 - Start completed.
[2021-06-13 21:43:32,084][INFO][main][org.apache.juli.logging.DirectJDKLog] Starting ProtocolHandler ["http-nio-8080"]
[2021-06-13 21:43:32,102][INFO][main][org.springframework.boot.web.embedded.tomcat.TomcatWebServer] Tomcat started on port(s): 8080 (http) with context path ''
[2021-06-13 21:43:32,110][INFO][main][org.springframework.boot.StartupInfoLogger] Started OnlineChargeAccountApplication in 4.169 seconds (JVM running for 6.423)
[2021-06-13 21:43:33,966][INFO][http-nio-8080-exec-1][org.apache.juli.logging.DirectJDKLog] Initializing Spring DispatcherServlet 'dispatcherServlet'
[2021-06-13 21:43:33,967][INFO][http-nio-8080-exec-1][org.springframework.web.servlet.FrameworkServlet] Initializing Servlet 'dispatcherServlet'
[2021-06-13 21:43:33,967][INFO][http-nio-8080-exec-1][org.springframework.web.servlet.FrameworkServlet] Completed initialization in 0 ms
[2021-06-13 21:43:34,219][ERROR][http-nio-8080-exec-1][org.apache.juli.logging.DirectJDKLog] Servlet.service() for servlet [dispatcherServlet] in context with path [] threw exception [Request processing failed; nested exception is org.apache.ibatis.binding.BindingException: Invalid bound statement (not found): com.younantuiqun.onlinechargeaccount.dao.BudgetDao.selectBudgetByMonth] with root cause
org.apache.ibatis.binding.BindingException: Invalid bound statement (not found): com.younantuiqun.onlinechargeaccount.dao.BudgetDao.selectBudgetByMonth
	at org.apache.ibatis.binding.MapperMethod$SqlCommand.<init>(MapperMethod.java:235) ~[mybatis-3.5.6.jar:3.5.6]
	at org.apache.ibatis.binding.MapperMethod.<init>(MapperMethod.java:53) ~[mybatis-3.5.6.jar:3.5.6]
	at org.apache.ibatis.binding.MapperProxy.lambda$cachedInvoker$0(MapperProxy.java:115) ~[mybatis-3.5.6.jar:3.5.6]
	at java.util.concurrent.ConcurrentHashMap.computeIfAbsent(ConcurrentHashMap.java:1660) ~[?:1.8.0_221]
	at org.apache.ibatis.binding.MapperProxy.cachedInvoker(MapperProxy.java:102) ~[mybatis-3.5.6.jar:3.5.6]
	at org.apache.ibatis.binding.MapperProxy.invoke(MapperProxy.java:85) ~[mybatis-3.5.6.jar:3.5.6]
	at com.sun.proxy.$Proxy72.selectBudgetByMonth(Unknown Source) ~[?:?]
	at sun.reflect.NativeMethodAccessorImpl.invoke0(Native Method) ~[?:1.8.0_221]
	at sun.reflect.NativeMethodAccessorImpl.invoke(NativeMethodAccessorImpl.java:62) ~[?:1.8.0_221]
	at sun.reflect.DelegatingMethodAccessorImpl.invoke(DelegatingMethodAccessorImpl.java:43) ~[?:1.8.0_221]
	at java.lang.reflect.Method.invoke(Method.java:498) ~[?:1.8.0_221]
	at org.springframework.aop.support.AopUtils.invokeJoinpointUsingReflection(AopUtils.java:344) ~[spring-aop-5.3.2.jar:5.3.2]
	at org.springframework.aop.framework.ReflectiveMethodInvocation.invokeJoinpoint(ReflectiveMethodInvocation.java:198) ~[spring-aop-5.3.2.jar:5.3.2]
	at org.springframework.aop.framework.ReflectiveMethodInvocation.proceed(ReflectiveMethodInvocation.java:163) ~[spring-aop-5.3.2.jar:5.3.2]
	at org.springframework.dao.support.PersistenceExceptionTranslationInterceptor.invoke(PersistenceExceptionTranslationInterceptor.java:137) ~[spring-tx-5.3.2.jar:5.3.2]
	at org.springframework.aop.framework.ReflectiveMethodInvocation.proceed(ReflectiveMethodInvocation.java:186) ~[spring-aop-5.3.2.jar:5.3.2]
	at org.springframework.aop.framework.JdkDynamicAopProxy.invoke(JdkDynamicAopProxy.java:215) ~[spring-aop-5.3.2.jar:5.3.2]
	at com.sun.proxy.$Proxy73.selectBudgetByMonth(Unknown Source) ~[?:?]
	at com.younantuiqun.onlinechargeaccount.service.BillServiceImpl.selectBillsByYearMonNew(BillServiceImpl.java:71) ~[classes/:?]
	at com.younantuiqun.onlinechargeaccount.controller.BillController.test(BillController.java:80) ~[classes/:?]
	at sun.reflect.NativeMethodAccessorImpl.invoke0(Native Method) ~[?:1.8.0_221]
	at sun.reflect.NativeMethodAccessorImpl.invoke(NativeMethodAccessorImpl.java:62) ~[?:1.8.0_221]
	at sun.reflect.DelegatingMethodAccessorImpl.invoke(DelegatingMethodAccessorImpl.java:43) ~[?:1.8.0_221]
	at java.lang.reflect.Method.invoke(Method.java:498) ~[?:1.8.0_221]
	at org.springframework.web.method.support.InvocableHandlerMethod.doInvoke(InvocableHandlerMethod.java:197) ~[spring-web-5.3.2.jar:5.3.2]
	at org.springframework.web.method.support.InvocableHandlerMethod.invokeForRequest(InvocableHandlerMethod.java:141) ~[spring-web-5.3.2.jar:5.3.2]
	at org.springframework.web.servlet.mvc.method.annotation.ServletInvocableHandlerMethod.invokeAndHandle(ServletInvocableHandlerMethod.java:106) ~[spring-webmvc-5.3.2.jar:5.3.2]
	at org.springframework.web.servlet.mvc.method.annotation.RequestMappingHandlerAdapter.invokeHandlerMethod(RequestMappingHandlerAdapter.java:894) ~[spring-webmvc-5.3.2.jar:5.3.2]
	at org.springframework.web.servlet.mvc.method.annotation.RequestMappingHandlerAdapter.handleInternal(RequestMappingHandlerAdapter.java:808) ~[spring-webmvc-5.3.2.jar:5.3.2]
	at org.springframework.web.servlet.mvc.method.AbstractHandlerMethodAdapter.handle(AbstractHandlerMethodAdapter.java:87) ~[spring-webmvc-5.3.2.jar:5.3.2]
	at org.springframework.web.servlet.DispatcherServlet.doDispatch(DispatcherServlet.java:1061) ~[spring-webmvc-5.3.2.jar:5.3.2]
	at org.springframework.web.servlet.DispatcherServlet.doService(DispatcherServlet.java:961) ~[spring-webmvc-5.3.2.jar:5.3.2]
	at org.springframework.web.servlet.FrameworkServlet.processRequest(FrameworkServlet.java:1006) ~[spring-webmvc-5.3.2.jar:5.3.2]
	at org.springframework.web.servlet.FrameworkServlet.doPost(FrameworkServlet.java:909) ~[spring-webmvc-5.3.2.jar:5.3.2]
	at javax.servlet.http.HttpServlet.service(HttpServlet.java:652) ~[tomcat-embed-core-9.0.41.jar:4.0.FR]
	at org.springframework.web.servlet.FrameworkServlet.service(FrameworkServlet.java:883) ~[spring-webmvc-5.3.2.jar:5.3.2]
	at javax.servlet.http.HttpServlet.service(HttpServlet.java:733) ~[tomcat-embed-core-9.0.41.jar:4.0.FR]
	at org.apache.catalina.core.ApplicationFilterChain.internalDoFilter(ApplicationFilterChain.java:231) ~[tomcat-embed-core-9.0.41.jar:9.0.41]
	at org.apache.catalina.core.ApplicationFilterChain.doFilter(ApplicationFilterChain.java:166) ~[tomcat-embed-core-9.0.41.jar:9.0.41]
	at org.apache.tomcat.websocket.server.WsFilter.doFilter(WsFilter.java:53) ~[tomcat-embed-websocket-9.0.41.jar:9.0.41]
	at org.apache.catalina.core.ApplicationFilterChain.internalDoFilter(ApplicationFilterChain.java:193) ~[tomcat-embed-core-9.0.41.jar:9.0.41]
	at org.apache.catalina.core.ApplicationFilterChain.doFilter(ApplicationFilterChain.java:166) ~[tomcat-embed-core-9.0.41.jar:9.0.41]
	at org.springframework.web.filter.RequestContextFilter.doFilterInternal(RequestContextFilter.java:100) ~[spring-web-5.3.2.jar:5.3.2]
	at org.springframework.web.filter.OncePerRequestFilter.doFilter(OncePerRequestFilter.java:119) ~[spring-web-5.3.2.jar:5.3.2]
	at org.apache.catalina.core.ApplicationFilterChain.internalDoFilter(ApplicationFilterChain.java:193) ~[tomcat-embed-core-9.0.41.jar:9.0.41]
	at org.apache.catalina.core.ApplicationFilterChain.doFilter(ApplicationFilterChain.java:166) ~[tomcat-embed-core-9.0.41.jar:9.0.41]
	at org.springframework.web.filter.FormContentFilter.doFilterInternal(FormContentFilter.java:93) ~[spring-web-5.3.2.jar:5.3.2]
	at org.springframework.web.filter.OncePerRequestFilter.doFilter(OncePerRequestFilter.java:119) ~[spring-web-5.3.2.jar:5.3.2]
	at org.apache.catalina.core.ApplicationFilterChain.internalDoFilter(ApplicationFilterChain.java:193) ~[tomcat-embed-core-9.0.41.jar:9.0.41]
	at org.apache.catalina.core.ApplicationFilterChain.doFilter(ApplicationFilterChain.java:166) ~[tomcat-embed-core-9.0.41.jar:9.0.41]
	at org.springframework.web.filter.CharacterEncodingFilter.doFilterInternal(CharacterEncodingFilter.java:201) ~[spring-web-5.3.2.jar:5.3.2]
	at org.springframework.web.filter.OncePerRequestFilter.doFilter(OncePerRequestFilter.java:119) ~[spring-web-5.3.2.jar:5.3.2]
	at org.apache.catalina.core.ApplicationFilterChain.internalDoFilter(ApplicationFilterChain.java:193) ~[tomcat-embed-core-9.0.41.jar:9.0.41]
	at org.apache.catalina.core.ApplicationFilterChain.doFilter(ApplicationFilterChain.java:166) ~[tomcat-embed-core-9.0.41.jar:9.0.41]
	at org.apache.catalina.core.StandardWrapperValve.invoke(StandardWrapperValve.java:202) [tomcat-embed-core-9.0.41.jar:9.0.41]
	at org.apache.catalina.core.StandardContextValve.invoke(StandardContextValve.java:97) [tomcat-embed-core-9.0.41.jar:9.0.41]
	at org.apache.catalina.authenticator.AuthenticatorBase.invoke(AuthenticatorBase.java:542) [tomcat-embed-core-9.0.41.jar:9.0.41]
	at org.apache.catalina.core.StandardHostValve.invoke(StandardHostValve.java:143) [tomcat-embed-core-9.0.41.jar:9.0.41]
	at org.apache.catalina.valves.ErrorReportValve.invoke(ErrorReportValve.java:92) [tomcat-embed-core-9.0.41.jar:9.0.41]
	at org.apache.catalina.core.StandardEngineValve.invoke(StandardEngineValve.java:78) [tomcat-embed-core-9.0.41.jar:9.0.41]
	at org.apache.catalina.connector.CoyoteAdapter.service(CoyoteAdapter.java:343) [tomcat-embed-core-9.0.41.jar:9.0.41]
	at org.apache.coyote.http11.Http11Processor.service(Http11Processor.java:374) [tomcat-embed-core-9.0.41.jar:9.0.41]
	at org.apache.coyote.AbstractProcessorLight.process(AbstractProcessorLight.java:65) [tomcat-embed-core-9.0.41.jar:9.0.41]
	at org.apache.coyote.AbstractProtocol$ConnectionHandler.process(AbstractProtocol.java:888) [tomcat-embed-core-9.0.41.jar:9.0.41]
	at org.apache.tomcat.util.net.NioEndpoint$SocketProcessor.doRun(NioEndpoint.java:1597) [tomcat-embed-core-9.0.41.jar:9.0.41]
	at org.apache.tomcat.util.net.SocketProcessorBase.run(SocketProcessorBase.java:49) [tomcat-embed-core-9.0.41.jar:9.0.41]
	at java.util.concurrent.ThreadPoolExecutor.runWorker(ThreadPoolExecutor.java:1149) [?:1.8.0_221]
	at java.util.concurrent.ThreadPoolExecutor$Worker.run(ThreadPoolExecutor.java:624) [?:1.8.0_221]
	at org.apache.tomcat.util.threads.TaskThread$WrappingRunnable.run(TaskThread.java:61) [tomcat-embed-core-9.0.41.jar:9.0.41]
	at java.lang.Thread.run(Thread.java:748) [?:1.8.0_221]
[2021-06-13 21:46:20,863][INFO][main][org.springframework.boot.StartupInfoLogger] Starting OnlineChargeAccountApplication using Java 1.8.0_221 on AKIDARON with PID 8892 (D:\dasan\project\realproject\OnlineChargeAccount\online-charge-account\target\classes started by 秋长武大郎 in D:\dasan\project\realproject\OnlineChargeAccount\online-charge-account)
[2021-06-13 21:46:20,870][INFO][main][org.springframework.boot.SpringApplication] The following profiles are active: dev
[2021-06-13 21:46:21,370][INFO][main][org.springframework.data.repository.config.RepositoryConfigurationDelegate] Bootstrapping Spring Data JDBC repositories in DEFAULT mode.
[2021-06-13 21:46:21,380][INFO][main][org.springframework.data.repository.config.RepositoryConfigurationDelegate] Finished Spring Data repository scanning in 6 ms. Found 0 JDBC repository interfaces.
[2021-06-13 21:46:21,744][INFO][main][org.springframework.boot.web.embedded.tomcat.TomcatWebServer] Tomcat initialized with port(s): 8080 (http)
[2021-06-13 21:46:21,751][INFO][main][org.apache.juli.logging.DirectJDKLog] Initializing ProtocolHandler ["http-nio-8080"]
[2021-06-13 21:46:21,752][INFO][main][org.apache.juli.logging.DirectJDKLog] Starting service [Tomcat]
[2021-06-13 21:46:21,752][INFO][main][org.apache.juli.logging.DirectJDKLog] Starting Servlet engine: [Apache Tomcat/9.0.41]
[2021-06-13 21:46:21,815][INFO][main][org.apache.juli.logging.DirectJDKLog] Initializing Spring embedded WebApplicationContext
[2021-06-13 21:46:21,816][INFO][main][org.springframework.boot.web.servlet.context.ServletWebServerApplicationContext] Root WebApplicationContext: initialization completed in 878 ms
[2021-06-13 21:46:22,259][INFO][main][org.springframework.scheduling.concurrent.ExecutorConfigurationSupport] Initializing ExecutorService 'applicationTaskExecutor'
[2021-06-13 21:46:22,367][WARN][main][org.springframework.boot.autoconfigure.thymeleaf.ThymeleafAutoConfiguration$DefaultTemplateResolverConfiguration] Cannot find template location: classpath:/templates/ (please add some templates or check your Thymeleaf configuration)
[2021-06-13 21:46:22,441][INFO][main][com.zaxxer.hikari.HikariDataSource] HikariPool-1 - Starting...
[2021-06-13 21:46:23,742][INFO][main][com.zaxxer.hikari.HikariDataSource] HikariPool-1 - Start completed.
[2021-06-13 21:46:23,794][INFO][main][org.apache.juli.logging.DirectJDKLog] Starting ProtocolHandler ["http-nio-8080"]
[2021-06-13 21:46:23,813][INFO][main][org.springframework.boot.web.embedded.tomcat.TomcatWebServer] Tomcat started on port(s): 8080 (http) with context path ''
[2021-06-13 21:46:23,822][INFO][main][org.springframework.boot.StartupInfoLogger] Started OnlineChargeAccountApplication in 3.376 seconds (JVM running for 4.745)
[2021-06-13 21:46:24,567][INFO][http-nio-8080-exec-1][org.apache.juli.logging.DirectJDKLog] Initializing Spring DispatcherServlet 'dispatcherServlet'
[2021-06-13 21:46:24,567][INFO][http-nio-8080-exec-1][org.springframework.web.servlet.FrameworkServlet] Initializing Servlet 'dispatcherServlet'
[2021-06-13 21:46:24,568][INFO][http-nio-8080-exec-1][org.springframework.web.servlet.FrameworkServlet] Completed initialization in 1 ms
[2021-06-13 21:46:24,838][ERROR][http-nio-8080-exec-1][org.apache.juli.logging.DirectJDKLog] Servlet.service() for servlet [dispatcherServlet] in context with path [] threw exception [Request processing failed; nested exception is org.apache.ibatis.binding.BindingException: Invalid bound statement (not found): com.younantuiqun.onlinechargeaccount.dao.BudgetDao.selectBudgetByMonth] with root cause
org.apache.ibatis.binding.BindingException: Invalid bound statement (not found): com.younantuiqun.onlinechargeaccount.dao.BudgetDao.selectBudgetByMonth
	at org.apache.ibatis.binding.MapperMethod$SqlCommand.<init>(MapperMethod.java:235) ~[mybatis-3.5.6.jar:3.5.6]
	at org.apache.ibatis.binding.MapperMethod.<init>(MapperMethod.java:53) ~[mybatis-3.5.6.jar:3.5.6]
	at org.apache.ibatis.binding.MapperProxy.lambda$cachedInvoker$0(MapperProxy.java:115) ~[mybatis-3.5.6.jar:3.5.6]
	at java.util.concurrent.ConcurrentHashMap.computeIfAbsent(ConcurrentHashMap.java:1660) ~[?:1.8.0_221]
	at org.apache.ibatis.binding.MapperProxy.cachedInvoker(MapperProxy.java:102) ~[mybatis-3.5.6.jar:3.5.6]
	at org.apache.ibatis.binding.MapperProxy.invoke(MapperProxy.java:85) ~[mybatis-3.5.6.jar:3.5.6]
	at com.sun.proxy.$Proxy72.selectBudgetByMonth(Unknown Source) ~[?:?]
	at sun.reflect.NativeMethodAccessorImpl.invoke0(Native Method) ~[?:1.8.0_221]
	at sun.reflect.NativeMethodAccessorImpl.invoke(NativeMethodAccessorImpl.java:62) ~[?:1.8.0_221]
	at sun.reflect.DelegatingMethodAccessorImpl.invoke(DelegatingMethodAccessorImpl.java:43) ~[?:1.8.0_221]
	at java.lang.reflect.Method.invoke(Method.java:498) ~[?:1.8.0_221]
	at org.springframework.aop.support.AopUtils.invokeJoinpointUsingReflection(AopUtils.java:344) ~[spring-aop-5.3.2.jar:5.3.2]
	at org.springframework.aop.framework.ReflectiveMethodInvocation.invokeJoinpoint(ReflectiveMethodInvocation.java:198) ~[spring-aop-5.3.2.jar:5.3.2]
	at org.springframework.aop.framework.ReflectiveMethodInvocation.proceed(ReflectiveMethodInvocation.java:163) ~[spring-aop-5.3.2.jar:5.3.2]
	at org.springframework.dao.support.PersistenceExceptionTranslationInterceptor.invoke(PersistenceExceptionTranslationInterceptor.java:137) ~[spring-tx-5.3.2.jar:5.3.2]
	at org.springframework.aop.framework.ReflectiveMethodInvocation.proceed(ReflectiveMethodInvocation.java:186) ~[spring-aop-5.3.2.jar:5.3.2]
	at org.springframework.aop.framework.JdkDynamicAopProxy.invoke(JdkDynamicAopProxy.java:215) ~[spring-aop-5.3.2.jar:5.3.2]
	at com.sun.proxy.$Proxy73.selectBudgetByMonth(Unknown Source) ~[?:?]
	at com.younantuiqun.onlinechargeaccount.service.BillServiceImpl.selectBillsByYearMonNew(BillServiceImpl.java:71) ~[classes/:?]
	at com.younantuiqun.onlinechargeaccount.controller.BillController.test(BillController.java:80) ~[classes/:?]
	at sun.reflect.NativeMethodAccessorImpl.invoke0(Native Method) ~[?:1.8.0_221]
	at sun.reflect.NativeMethodAccessorImpl.invoke(NativeMethodAccessorImpl.java:62) ~[?:1.8.0_221]
	at sun.reflect.DelegatingMethodAccessorImpl.invoke(DelegatingMethodAccessorImpl.java:43) ~[?:1.8.0_221]
	at java.lang.reflect.Method.invoke(Method.java:498) ~[?:1.8.0_221]
	at org.springframework.web.method.support.InvocableHandlerMethod.doInvoke(InvocableHandlerMethod.java:197) ~[spring-web-5.3.2.jar:5.3.2]
	at org.springframework.web.method.support.InvocableHandlerMethod.invokeForRequest(InvocableHandlerMethod.java:141) ~[spring-web-5.3.2.jar:5.3.2]
	at org.springframework.web.servlet.mvc.method.annotation.ServletInvocableHandlerMethod.invokeAndHandle(ServletInvocableHandlerMethod.java:106) ~[spring-webmvc-5.3.2.jar:5.3.2]
	at org.springframework.web.servlet.mvc.method.annotation.RequestMappingHandlerAdapter.invokeHandlerMethod(RequestMappingHandlerAdapter.java:894) ~[spring-webmvc-5.3.2.jar:5.3.2]
	at org.springframework.web.servlet.mvc.method.annotation.RequestMappingHandlerAdapter.handleInternal(RequestMappingHandlerAdapter.java:808) ~[spring-webmvc-5.3.2.jar:5.3.2]
	at org.springframework.web.servlet.mvc.method.AbstractHandlerMethodAdapter.handle(AbstractHandlerMethodAdapter.java:87) ~[spring-webmvc-5.3.2.jar:5.3.2]
	at org.springframework.web.servlet.DispatcherServlet.doDispatch(DispatcherServlet.java:1061) ~[spring-webmvc-5.3.2.jar:5.3.2]
	at org.springframework.web.servlet.DispatcherServlet.doService(DispatcherServlet.java:961) ~[spring-webmvc-5.3.2.jar:5.3.2]
	at org.springframework.web.servlet.FrameworkServlet.processRequest(FrameworkServlet.java:1006) ~[spring-webmvc-5.3.2.jar:5.3.2]
	at org.springframework.web.servlet.FrameworkServlet.doPost(FrameworkServlet.java:909) ~[spring-webmvc-5.3.2.jar:5.3.2]
	at javax.servlet.http.HttpServlet.service(HttpServlet.java:652) ~[tomcat-embed-core-9.0.41.jar:4.0.FR]
	at org.springframework.web.servlet.FrameworkServlet.service(FrameworkServlet.java:883) ~[spring-webmvc-5.3.2.jar:5.3.2]
	at javax.servlet.http.HttpServlet.service(HttpServlet.java:733) ~[tomcat-embed-core-9.0.41.jar:4.0.FR]
	at org.apache.catalina.core.ApplicationFilterChain.internalDoFilter(ApplicationFilterChain.java:231) ~[tomcat-embed-core-9.0.41.jar:9.0.41]
	at org.apache.catalina.core.ApplicationFilterChain.doFilter(ApplicationFilterChain.java:166) ~[tomcat-embed-core-9.0.41.jar:9.0.41]
	at org.apache.tomcat.websocket.server.WsFilter.doFilter(WsFilter.java:53) ~[tomcat-embed-websocket-9.0.41.jar:9.0.41]
	at org.apache.catalina.core.ApplicationFilterChain.internalDoFilter(ApplicationFilterChain.java:193) ~[tomcat-embed-core-9.0.41.jar:9.0.41]
	at org.apache.catalina.core.ApplicationFilterChain.doFilter(ApplicationFilterChain.java:166) ~[tomcat-embed-core-9.0.41.jar:9.0.41]
	at org.springframework.web.filter.RequestContextFilter.doFilterInternal(RequestContextFilter.java:100) ~[spring-web-5.3.2.jar:5.3.2]
	at org.springframework.web.filter.OncePerRequestFilter.doFilter(OncePerRequestFilter.java:119) ~[spring-web-5.3.2.jar:5.3.2]
	at org.apache.catalina.core.ApplicationFilterChain.internalDoFilter(ApplicationFilterChain.java:193) ~[tomcat-embed-core-9.0.41.jar:9.0.41]
	at org.apache.catalina.core.ApplicationFilterChain.doFilter(ApplicationFilterChain.java:166) ~[tomcat-embed-core-9.0.41.jar:9.0.41]
	at org.springframework.web.filter.FormContentFilter.doFilterInternal(FormContentFilter.java:93) ~[spring-web-5.3.2.jar:5.3.2]
	at org.springframework.web.filter.OncePerRequestFilter.doFilter(OncePerRequestFilter.java:119) ~[spring-web-5.3.2.jar:5.3.2]
	at org.apache.catalina.core.ApplicationFilterChain.internalDoFilter(ApplicationFilterChain.java:193) ~[tomcat-embed-core-9.0.41.jar:9.0.41]
	at org.apache.catalina.core.ApplicationFilterChain.doFilter(ApplicationFilterChain.java:166) ~[tomcat-embed-core-9.0.41.jar:9.0.41]
	at org.springframework.web.filter.CharacterEncodingFilter.doFilterInternal(CharacterEncodingFilter.java:201) ~[spring-web-5.3.2.jar:5.3.2]
	at org.springframework.web.filter.OncePerRequestFilter.doFilter(OncePerRequestFilter.java:119) ~[spring-web-5.3.2.jar:5.3.2]
	at org.apache.catalina.core.ApplicationFilterChain.internalDoFilter(ApplicationFilterChain.java:193) ~[tomcat-embed-core-9.0.41.jar:9.0.41]
	at org.apache.catalina.core.ApplicationFilterChain.doFilter(ApplicationFilterChain.java:166) ~[tomcat-embed-core-9.0.41.jar:9.0.41]
	at org.apache.catalina.core.StandardWrapperValve.invoke(StandardWrapperValve.java:202) [tomcat-embed-core-9.0.41.jar:9.0.41]
	at org.apache.catalina.core.StandardContextValve.invoke(StandardContextValve.java:97) [tomcat-embed-core-9.0.41.jar:9.0.41]
	at org.apache.catalina.authenticator.AuthenticatorBase.invoke(AuthenticatorBase.java:542) [tomcat-embed-core-9.0.41.jar:9.0.41]
	at org.apache.catalina.core.StandardHostValve.invoke(StandardHostValve.java:143) [tomcat-embed-core-9.0.41.jar:9.0.41]
	at org.apache.catalina.valves.ErrorReportValve.invoke(ErrorReportValve.java:92) [tomcat-embed-core-9.0.41.jar:9.0.41]
	at org.apache.catalina.core.StandardEngineValve.invoke(StandardEngineValve.java:78) [tomcat-embed-core-9.0.41.jar:9.0.41]
	at org.apache.catalina.connector.CoyoteAdapter.service(CoyoteAdapter.java:343) [tomcat-embed-core-9.0.41.jar:9.0.41]
	at org.apache.coyote.http11.Http11Processor.service(Http11Processor.java:374) [tomcat-embed-core-9.0.41.jar:9.0.41]
	at org.apache.coyote.AbstractProcessorLight.process(AbstractProcessorLight.java:65) [tomcat-embed-core-9.0.41.jar:9.0.41]
	at org.apache.coyote.AbstractProtocol$ConnectionHandler.process(AbstractProtocol.java:888) [tomcat-embed-core-9.0.41.jar:9.0.41]
	at org.apache.tomcat.util.net.NioEndpoint$SocketProcessor.doRun(NioEndpoint.java:1597) [tomcat-embed-core-9.0.41.jar:9.0.41]
	at org.apache.tomcat.util.net.SocketProcessorBase.run(SocketProcessorBase.java:49) [tomcat-embed-core-9.0.41.jar:9.0.41]
	at java.util.concurrent.ThreadPoolExecutor.runWorker(ThreadPoolExecutor.java:1149) [?:1.8.0_221]
	at java.util.concurrent.ThreadPoolExecutor$Worker.run(ThreadPoolExecutor.java:624) [?:1.8.0_221]
	at org.apache.tomcat.util.threads.TaskThread$WrappingRunnable.run(TaskThread.java:61) [tomcat-embed-core-9.0.41.jar:9.0.41]
	at java.lang.Thread.run(Thread.java:748) [?:1.8.0_221]
[2021-06-13 21:47:35,157][INFO][main][org.springframework.boot.StartupInfoLogger] Starting OnlineChargeAccountApplication using Java 1.8.0_221 on AKIDARON with PID 2700 (D:\dasan\project\realproject\OnlineChargeAccount\online-charge-account\target\classes started by 秋长武大郎 in D:\dasan\project\realproject\OnlineChargeAccount\online-charge-account)
[2021-06-13 21:47:35,167][INFO][main][org.springframework.boot.SpringApplication] The following profiles are active: dev
[2021-06-13 21:47:35,737][INFO][main][org.springframework.data.repository.config.RepositoryConfigurationDelegate] Bootstrapping Spring Data JDBC repositories in DEFAULT mode.
[2021-06-13 21:47:35,748][INFO][main][org.springframework.data.repository.config.RepositoryConfigurationDelegate] Finished Spring Data repository scanning in 7 ms. Found 0 JDBC repository interfaces.
[2021-06-13 21:47:36,198][INFO][main][org.springframework.boot.web.embedded.tomcat.TomcatWebServer] Tomcat initialized with port(s): 8080 (http)
[2021-06-13 21:47:36,209][INFO][main][org.apache.juli.logging.DirectJDKLog] Initializing ProtocolHandler ["http-nio-8080"]
[2021-06-13 21:47:36,210][INFO][main][org.apache.juli.logging.DirectJDKLog] Starting service [Tomcat]
[2021-06-13 21:47:36,210][INFO][main][org.apache.juli.logging.DirectJDKLog] Starting Servlet engine: [Apache Tomcat/9.0.41]
[2021-06-13 21:47:36,294][INFO][main][org.apache.juli.logging.DirectJDKLog] Initializing Spring embedded WebApplicationContext
[2021-06-13 21:47:36,294][INFO][main][org.springframework.boot.web.servlet.context.ServletWebServerApplicationContext] Root WebApplicationContext: initialization completed in 1048 ms
[2021-06-13 21:47:36,892][INFO][main][org.springframework.scheduling.concurrent.ExecutorConfigurationSupport] Initializing ExecutorService 'applicationTaskExecutor'
[2021-06-13 21:47:37,010][WARN][main][org.springframework.boot.autoconfigure.thymeleaf.ThymeleafAutoConfiguration$DefaultTemplateResolverConfiguration] Cannot find template location: classpath:/templates/ (please add some templates or check your Thymeleaf configuration)
[2021-06-13 21:47:37,099][INFO][main][com.zaxxer.hikari.HikariDataSource] HikariPool-1 - Starting...
[2021-06-13 21:47:38,779][INFO][main][com.zaxxer.hikari.HikariDataSource] HikariPool-1 - Start completed.
[2021-06-13 21:47:38,829][INFO][main][org.apache.juli.logging.DirectJDKLog] Starting ProtocolHandler ["http-nio-8080"]
[2021-06-13 21:47:38,844][INFO][main][org.springframework.boot.web.embedded.tomcat.TomcatWebServer] Tomcat started on port(s): 8080 (http) with context path ''
[2021-06-13 21:47:38,852][INFO][main][org.springframework.boot.StartupInfoLogger] Started OnlineChargeAccountApplication in 4.164 seconds (JVM running for 5.505)
[2021-06-13 21:47:41,038][INFO][http-nio-8080-exec-1][org.apache.juli.logging.DirectJDKLog] Initializing Spring DispatcherServlet 'dispatcherServlet'
[2021-06-13 21:47:41,038][INFO][http-nio-8080-exec-1][org.springframework.web.servlet.FrameworkServlet] Initializing Servlet 'dispatcherServlet'
[2021-06-13 21:47:41,039][INFO][http-nio-8080-exec-1][org.springframework.web.servlet.FrameworkServlet] Completed initialization in 1 ms
[2021-06-13 21:47:41,408][ERROR][http-nio-8080-exec-1][org.apache.juli.logging.DirectJDKLog] Servlet.service() for servlet [dispatcherServlet] in context with path [] threw exception [Request processing failed; nested exception is org.springframework.jdbc.BadSqlGrammarException: 
### Error querying database.  Cause: java.sql.SQLSyntaxErrorException: Unknown column 'monthTime' in 'field list'
### The error may exist in file [D:\dasan\project\realproject\OnlineChargeAccount\online-charge-account\target\classes\mapper\budget-mapper.xml]
### The error may involve defaultParameterMap
### The error occurred while setting parameters
### SQL: select user_id, monthTime, predictMoney         from oca_budget         where user_id = ? and monthTime=?
### Cause: java.sql.SQLSyntaxErrorException: Unknown column 'monthTime' in 'field list'
; bad SQL grammar []; nested exception is java.sql.SQLSyntaxErrorException: Unknown column 'monthTime' in 'field list'] with root cause
java.sql.SQLSyntaxErrorException: Unknown column 'monthTime' in 'field list'
	at com.mysql.cj.jdbc.exceptions.SQLError.createSQLException(SQLError.java:120) ~[mysql-connector-java-8.0.22.jar:8.0.22]
	at com.mysql.cj.jdbc.exceptions.SQLError.createSQLException(SQLError.java:97) ~[mysql-connector-java-8.0.22.jar:8.0.22]
	at com.mysql.cj.jdbc.exceptions.SQLExceptionsMapping.translateException(SQLExceptionsMapping.java:122) ~[mysql-connector-java-8.0.22.jar:8.0.22]
	at com.mysql.cj.jdbc.ClientPreparedStatement.executeInternal(ClientPreparedStatement.java:953) ~[mysql-connector-java-8.0.22.jar:8.0.22]
	at com.mysql.cj.jdbc.ClientPreparedStatement.execute(ClientPreparedStatement.java:370) ~[mysql-connector-java-8.0.22.jar:8.0.22]
	at com.zaxxer.hikari.pool.ProxyPreparedStatement.execute(ProxyPreparedStatement.java:44) ~[HikariCP-3.4.5.jar:?]
	at com.zaxxer.hikari.pool.HikariProxyPreparedStatement.execute(HikariProxyPreparedStatement.java) ~[HikariCP-3.4.5.jar:?]
	at sun.reflect.NativeMethodAccessorImpl.invoke0(Native Method) ~[?:1.8.0_221]
	at sun.reflect.NativeMethodAccessorImpl.invoke(NativeMethodAccessorImpl.java:62) ~[?:1.8.0_221]
	at sun.reflect.DelegatingMethodAccessorImpl.invoke(DelegatingMethodAccessorImpl.java:43) ~[?:1.8.0_221]
	at java.lang.reflect.Method.invoke(Method.java:498) ~[?:1.8.0_221]
	at org.apache.ibatis.logging.jdbc.PreparedStatementLogger.invoke(PreparedStatementLogger.java:59) ~[mybatis-3.5.6.jar:3.5.6]
	at com.sun.proxy.$Proxy99.execute(Unknown Source) ~[?:?]
	at org.apache.ibatis.executor.statement.PreparedStatementHandler.query(PreparedStatementHandler.java:64) ~[mybatis-3.5.6.jar:3.5.6]
	at org.apache.ibatis.executor.statement.RoutingStatementHandler.query(RoutingStatementHandler.java:79) ~[mybatis-3.5.6.jar:3.5.6]
	at org.apache.ibatis.executor.SimpleExecutor.doQuery(SimpleExecutor.java:63) ~[mybatis-3.5.6.jar:3.5.6]
	at org.apache.ibatis.executor.BaseExecutor.queryFromDatabase(BaseExecutor.java:325) ~[mybatis-3.5.6.jar:3.5.6]
	at org.apache.ibatis.executor.BaseExecutor.query(BaseExecutor.java:156) ~[mybatis-3.5.6.jar:3.5.6]
	at org.apache.ibatis.executor.CachingExecutor.query(CachingExecutor.java:109) ~[mybatis-3.5.6.jar:3.5.6]
	at org.apache.ibatis.executor.CachingExecutor.query(CachingExecutor.java:89) ~[mybatis-3.5.6.jar:3.5.6]
	at org.apache.ibatis.session.defaults.DefaultSqlSession.selectList(DefaultSqlSession.java:147) ~[mybatis-3.5.6.jar:3.5.6]
	at org.apache.ibatis.session.defaults.DefaultSqlSession.selectList(DefaultSqlSession.java:140) ~[mybatis-3.5.6.jar:3.5.6]
	at org.apache.ibatis.session.defaults.DefaultSqlSession.selectOne(DefaultSqlSession.java:76) ~[mybatis-3.5.6.jar:3.5.6]
	at sun.reflect.NativeMethodAccessorImpl.invoke0(Native Method) ~[?:1.8.0_221]
	at sun.reflect.NativeMethodAccessorImpl.invoke(NativeMethodAccessorImpl.java:62) ~[?:1.8.0_221]
	at sun.reflect.DelegatingMethodAccessorImpl.invoke(DelegatingMethodAccessorImpl.java:43) ~[?:1.8.0_221]
	at java.lang.reflect.Method.invoke(Method.java:498) ~[?:1.8.0_221]
	at org.mybatis.spring.SqlSessionTemplate$SqlSessionInterceptor.invoke(SqlSessionTemplate.java:427) ~[mybatis-spring-2.0.6.jar:2.0.6]
	at com.sun.proxy.$Proxy69.selectOne(Unknown Source) ~[?:?]
	at org.mybatis.spring.SqlSessionTemplate.selectOne(SqlSessionTemplate.java:160) ~[mybatis-spring-2.0.6.jar:2.0.6]
	at org.apache.ibatis.binding.MapperMethod.execute(MapperMethod.java:87) ~[mybatis-3.5.6.jar:3.5.6]
	at org.apache.ibatis.binding.MapperProxy$PlainMethodInvoker.invoke(MapperProxy.java:152) ~[mybatis-3.5.6.jar:3.5.6]
	at org.apache.ibatis.binding.MapperProxy.invoke(MapperProxy.java:85) ~[mybatis-3.5.6.jar:3.5.6]
	at com.sun.proxy.$Proxy72.selectBudgetByMonth(Unknown Source) ~[?:?]
	at sun.reflect.NativeMethodAccessorImpl.invoke0(Native Method) ~[?:1.8.0_221]
	at sun.reflect.NativeMethodAccessorImpl.invoke(NativeMethodAccessorImpl.java:62) ~[?:1.8.0_221]
	at sun.reflect.DelegatingMethodAccessorImpl.invoke(DelegatingMethodAccessorImpl.java:43) ~[?:1.8.0_221]
	at java.lang.reflect.Method.invoke(Method.java:498) ~[?:1.8.0_221]
	at org.springframework.aop.support.AopUtils.invokeJoinpointUsingReflection(AopUtils.java:344) ~[spring-aop-5.3.2.jar:5.3.2]
	at org.springframework.aop.framework.ReflectiveMethodInvocation.invokeJoinpoint(ReflectiveMethodInvocation.java:198) ~[spring-aop-5.3.2.jar:5.3.2]
	at org.springframework.aop.framework.ReflectiveMethodInvocation.proceed(ReflectiveMethodInvocation.java:163) ~[spring-aop-5.3.2.jar:5.3.2]
	at org.springframework.dao.support.PersistenceExceptionTranslationInterceptor.invoke(PersistenceExceptionTranslationInterceptor.java:137) ~[spring-tx-5.3.2.jar:5.3.2]
	at org.springframework.aop.framework.ReflectiveMethodInvocation.proceed(ReflectiveMethodInvocation.java:186) ~[spring-aop-5.3.2.jar:5.3.2]
	at org.springframework.aop.framework.JdkDynamicAopProxy.invoke(JdkDynamicAopProxy.java:215) ~[spring-aop-5.3.2.jar:5.3.2]
	at com.sun.proxy.$Proxy73.selectBudgetByMonth(Unknown Source) ~[?:?]
	at com.younantuiqun.onlinechargeaccount.service.BillServiceImpl.selectBillsByYearMonNew(BillServiceImpl.java:71) ~[classes/:?]
	at com.younantuiqun.onlinechargeaccount.controller.BillController.test(BillController.java:80) ~[classes/:?]
	at sun.reflect.NativeMethodAccessorImpl.invoke0(Native Method) ~[?:1.8.0_221]
	at sun.reflect.NativeMethodAccessorImpl.invoke(NativeMethodAccessorImpl.java:62) ~[?:1.8.0_221]
	at sun.reflect.DelegatingMethodAccessorImpl.invoke(DelegatingMethodAccessorImpl.java:43) ~[?:1.8.0_221]
	at java.lang.reflect.Method.invoke(Method.java:498) ~[?:1.8.0_221]
	at org.springframework.web.method.support.InvocableHandlerMethod.doInvoke(InvocableHandlerMethod.java:197) ~[spring-web-5.3.2.jar:5.3.2]
	at org.springframework.web.method.support.InvocableHandlerMethod.invokeForRequest(InvocableHandlerMethod.java:141) ~[spring-web-5.3.2.jar:5.3.2]
	at org.springframework.web.servlet.mvc.method.annotation.ServletInvocableHandlerMethod.invokeAndHandle(ServletInvocableHandlerMethod.java:106) ~[spring-webmvc-5.3.2.jar:5.3.2]
	at org.springframework.web.servlet.mvc.method.annotation.RequestMappingHandlerAdapter.invokeHandlerMethod(RequestMappingHandlerAdapter.java:894) ~[spring-webmvc-5.3.2.jar:5.3.2]
	at org.springframework.web.servlet.mvc.method.annotation.RequestMappingHandlerAdapter.handleInternal(RequestMappingHandlerAdapter.java:808) ~[spring-webmvc-5.3.2.jar:5.3.2]
	at org.springframework.web.servlet.mvc.method.AbstractHandlerMethodAdapter.handle(AbstractHandlerMethodAdapter.java:87) ~[spring-webmvc-5.3.2.jar:5.3.2]
	at org.springframework.web.servlet.DispatcherServlet.doDispatch(DispatcherServlet.java:1061) ~[spring-webmvc-5.3.2.jar:5.3.2]
	at org.springframework.web.servlet.DispatcherServlet.doService(DispatcherServlet.java:961) ~[spring-webmvc-5.3.2.jar:5.3.2]
	at org.springframework.web.servlet.FrameworkServlet.processRequest(FrameworkServlet.java:1006) ~[spring-webmvc-5.3.2.jar:5.3.2]
	at org.springframework.web.servlet.FrameworkServlet.doPost(FrameworkServlet.java:909) ~[spring-webmvc-5.3.2.jar:5.3.2]
	at javax.servlet.http.HttpServlet.service(HttpServlet.java:652) ~[tomcat-embed-core-9.0.41.jar:4.0.FR]
	at org.springframework.web.servlet.FrameworkServlet.service(FrameworkServlet.java:883) ~[spring-webmvc-5.3.2.jar:5.3.2]
	at javax.servlet.http.HttpServlet.service(HttpServlet.java:733) ~[tomcat-embed-core-9.0.41.jar:4.0.FR]
	at org.apache.catalina.core.ApplicationFilterChain.internalDoFilter(ApplicationFilterChain.java:231) ~[tomcat-embed-core-9.0.41.jar:9.0.41]
	at org.apache.catalina.core.ApplicationFilterChain.doFilter(ApplicationFilterChain.java:166) ~[tomcat-embed-core-9.0.41.jar:9.0.41]
	at org.apache.tomcat.websocket.server.WsFilter.doFilter(WsFilter.java:53) ~[tomcat-embed-websocket-9.0.41.jar:9.0.41]
	at org.apache.catalina.core.ApplicationFilterChain.internalDoFilter(ApplicationFilterChain.java:193) ~[tomcat-embed-core-9.0.41.jar:9.0.41]
	at org.apache.catalina.core.ApplicationFilterChain.doFilter(ApplicationFilterChain.java:166) ~[tomcat-embed-core-9.0.41.jar:9.0.41]
	at org.springframework.web.filter.RequestContextFilter.doFilterInternal(RequestContextFilter.java:100) ~[spring-web-5.3.2.jar:5.3.2]
	at org.springframework.web.filter.OncePerRequestFilter.doFilter(OncePerRequestFilter.java:119) ~[spring-web-5.3.2.jar:5.3.2]
	at org.apache.catalina.core.ApplicationFilterChain.internalDoFilter(ApplicationFilterChain.java:193) ~[tomcat-embed-core-9.0.41.jar:9.0.41]
	at org.apache.catalina.core.ApplicationFilterChain.doFilter(ApplicationFilterChain.java:166) ~[tomcat-embed-core-9.0.41.jar:9.0.41]
	at org.springframework.web.filter.FormContentFilter.doFilterInternal(FormContentFilter.java:93) ~[spring-web-5.3.2.jar:5.3.2]
	at org.springframework.web.filter.OncePerRequestFilter.doFilter(OncePerRequestFilter.java:119) ~[spring-web-5.3.2.jar:5.3.2]
	at org.apache.catalina.core.ApplicationFilterChain.internalDoFilter(ApplicationFilterChain.java:193) ~[tomcat-embed-core-9.0.41.jar:9.0.41]
	at org.apache.catalina.core.ApplicationFilterChain.doFilter(ApplicationFilterChain.java:166) ~[tomcat-embed-core-9.0.41.jar:9.0.41]
	at org.springframework.web.filter.CharacterEncodingFilter.doFilterInternal(CharacterEncodingFilter.java:201) ~[spring-web-5.3.2.jar:5.3.2]
	at org.springframework.web.filter.OncePerRequestFilter.doFilter(OncePerRequestFilter.java:119) ~[spring-web-5.3.2.jar:5.3.2]
	at org.apache.catalina.core.ApplicationFilterChain.internalDoFilter(ApplicationFilterChain.java:193) ~[tomcat-embed-core-9.0.41.jar:9.0.41]
	at org.apache.catalina.core.ApplicationFilterChain.doFilter(ApplicationFilterChain.java:166) ~[tomcat-embed-core-9.0.41.jar:9.0.41]
	at org.apache.catalina.core.StandardWrapperValve.invoke(StandardWrapperValve.java:202) [tomcat-embed-core-9.0.41.jar:9.0.41]
	at org.apache.catalina.core.StandardContextValve.invoke(StandardContextValve.java:97) [tomcat-embed-core-9.0.41.jar:9.0.41]
	at org.apache.catalina.authenticator.AuthenticatorBase.invoke(AuthenticatorBase.java:542) [tomcat-embed-core-9.0.41.jar:9.0.41]
	at org.apache.catalina.core.StandardHostValve.invoke(StandardHostValve.java:143) [tomcat-embed-core-9.0.41.jar:9.0.41]
	at org.apache.catalina.valves.ErrorReportValve.invoke(ErrorReportValve.java:92) [tomcat-embed-core-9.0.41.jar:9.0.41]
	at org.apache.catalina.core.StandardEngineValve.invoke(StandardEngineValve.java:78) [tomcat-embed-core-9.0.41.jar:9.0.41]
	at org.apache.catalina.connector.CoyoteAdapter.service(CoyoteAdapter.java:343) [tomcat-embed-core-9.0.41.jar:9.0.41]
	at org.apache.coyote.http11.Http11Processor.service(Http11Processor.java:374) [tomcat-embed-core-9.0.41.jar:9.0.41]
	at org.apache.coyote.AbstractProcessorLight.process(AbstractProcessorLight.java:65) [tomcat-embed-core-9.0.41.jar:9.0.41]
	at org.apache.coyote.AbstractProtocol$ConnectionHandler.process(AbstractProtocol.java:888) [tomcat-embed-core-9.0.41.jar:9.0.41]
	at org.apache.tomcat.util.net.NioEndpoint$SocketProcessor.doRun(NioEndpoint.java:1597) [tomcat-embed-core-9.0.41.jar:9.0.41]
	at org.apache.tomcat.util.net.SocketProcessorBase.run(SocketProcessorBase.java:49) [tomcat-embed-core-9.0.41.jar:9.0.41]
	at java.util.concurrent.ThreadPoolExecutor.runWorker(ThreadPoolExecutor.java:1149) [?:1.8.0_221]
	at java.util.concurrent.ThreadPoolExecutor$Worker.run(ThreadPoolExecutor.java:624) [?:1.8.0_221]
	at org.apache.tomcat.util.threads.TaskThread$WrappingRunnable.run(TaskThread.java:61) [tomcat-embed-core-9.0.41.jar:9.0.41]
	at java.lang.Thread.run(Thread.java:748) [?:1.8.0_221]
[2021-06-13 21:48:55,631][INFO][main][org.springframework.boot.StartupInfoLogger] Starting OnlineChargeAccountApplication using Java 1.8.0_221 on AKIDARON with PID 12508 (D:\dasan\project\realproject\OnlineChargeAccount\online-charge-account\target\classes started by 秋长武大郎 in D:\dasan\project\realproject\OnlineChargeAccount\online-charge-account)
[2021-06-13 21:48:55,640][INFO][main][org.springframework.boot.SpringApplication] The following profiles are active: dev
[2021-06-13 21:48:56,268][INFO][main][org.springframework.data.repository.config.RepositoryConfigurationDelegate] Bootstrapping Spring Data JDBC repositories in DEFAULT mode.
[2021-06-13 21:48:56,283][INFO][main][org.springframework.data.repository.config.RepositoryConfigurationDelegate] Finished Spring Data repository scanning in 10 ms. Found 0 JDBC repository interfaces.
[2021-06-13 21:48:56,763][INFO][main][org.springframework.boot.web.embedded.tomcat.TomcatWebServer] Tomcat initialized with port(s): 8080 (http)
[2021-06-13 21:48:56,771][INFO][main][org.apache.juli.logging.DirectJDKLog] Initializing ProtocolHandler ["http-nio-8080"]
[2021-06-13 21:48:56,772][INFO][main][org.apache.juli.logging.DirectJDKLog] Starting service [Tomcat]
[2021-06-13 21:48:56,772][INFO][main][org.apache.juli.logging.DirectJDKLog] Starting Servlet engine: [Apache Tomcat/9.0.41]
[2021-06-13 21:48:56,846][INFO][main][org.apache.juli.logging.DirectJDKLog] Initializing Spring embedded WebApplicationContext
[2021-06-13 21:48:56,846][INFO][main][org.springframework.boot.web.servlet.context.ServletWebServerApplicationContext] Root WebApplicationContext: initialization completed in 1125 ms
[2021-06-13 21:48:57,364][INFO][main][org.springframework.scheduling.concurrent.ExecutorConfigurationSupport] Initializing ExecutorService 'applicationTaskExecutor'
[2021-06-13 21:48:57,487][WARN][main][org.springframework.boot.autoconfigure.thymeleaf.ThymeleafAutoConfiguration$DefaultTemplateResolverConfiguration] Cannot find template location: classpath:/templates/ (please add some templates or check your Thymeleaf configuration)
[2021-06-13 21:48:57,575][INFO][main][com.zaxxer.hikari.HikariDataSource] HikariPool-1 - Starting...
[2021-06-13 21:48:59,146][INFO][main][com.zaxxer.hikari.HikariDataSource] HikariPool-1 - Start completed.
[2021-06-13 21:48:59,199][INFO][main][org.apache.juli.logging.DirectJDKLog] Starting ProtocolHandler ["http-nio-8080"]
[2021-06-13 21:48:59,216][INFO][main][org.springframework.boot.web.embedded.tomcat.TomcatWebServer] Tomcat started on port(s): 8080 (http) with context path ''
[2021-06-13 21:48:59,226][INFO][main][org.springframework.boot.StartupInfoLogger] Started OnlineChargeAccountApplication in 4.067 seconds (JVM running for 5.406)
[2021-06-13 21:48:59,930][INFO][http-nio-8080-exec-2][org.apache.juli.logging.DirectJDKLog] Initializing Spring DispatcherServlet 'dispatcherServlet'
[2021-06-13 21:48:59,931][INFO][http-nio-8080-exec-2][org.springframework.web.servlet.FrameworkServlet] Initializing Servlet 'dispatcherServlet'
[2021-06-13 21:48:59,931][INFO][http-nio-8080-exec-2][org.springframework.web.servlet.FrameworkServlet] Completed initialization in 0 ms
[2021-06-13 21:55:58,488][INFO][main][org.springframework.boot.StartupInfoLogger] Starting OnlineChargeAccountApplication using Java 1.8.0_221 on AKIDARON with PID 4564 (D:\dasan\project\realproject\OnlineChargeAccount\online-charge-account\target\classes started by 秋长武大郎 in D:\dasan\project\realproject\OnlineChargeAccount\online-charge-account)
[2021-06-13 21:55:58,503][INFO][main][org.springframework.boot.SpringApplication] The following profiles are active: dev
[2021-06-13 21:55:59,131][INFO][main][org.springframework.data.repository.config.RepositoryConfigurationDelegate] Bootstrapping Spring Data JDBC repositories in DEFAULT mode.
[2021-06-13 21:55:59,143][INFO][main][org.springframework.data.repository.config.RepositoryConfigurationDelegate] Finished Spring Data repository scanning in 7 ms. Found 0 JDBC repository interfaces.
[2021-06-13 21:55:59,543][INFO][main][org.springframework.boot.web.embedded.tomcat.TomcatWebServer] Tomcat initialized with port(s): 8080 (http)
[2021-06-13 21:55:59,550][INFO][main][org.apache.juli.logging.DirectJDKLog] Initializing ProtocolHandler ["http-nio-8080"]
[2021-06-13 21:55:59,551][INFO][main][org.apache.juli.logging.DirectJDKLog] Starting service [Tomcat]
[2021-06-13 21:55:59,551][INFO][main][org.apache.juli.logging.DirectJDKLog] Starting Servlet engine: [Apache Tomcat/9.0.41]
[2021-06-13 21:55:59,622][INFO][main][org.apache.juli.logging.DirectJDKLog] Initializing Spring embedded WebApplicationContext
[2021-06-13 21:55:59,622][INFO][main][org.springframework.boot.web.servlet.context.ServletWebServerApplicationContext] Root WebApplicationContext: initialization completed in 1013 ms
[2021-06-13 21:56:00,122][INFO][main][org.springframework.scheduling.concurrent.ExecutorConfigurationSupport] Initializing ExecutorService 'applicationTaskExecutor'
[2021-06-13 21:56:00,242][WARN][main][org.springframework.boot.autoconfigure.thymeleaf.ThymeleafAutoConfiguration$DefaultTemplateResolverConfiguration] Cannot find template location: classpath:/templates/ (please add some templates or check your Thymeleaf configuration)
[2021-06-13 21:56:00,322][INFO][main][com.zaxxer.hikari.HikariDataSource] HikariPool-1 - Starting...
[2021-06-13 21:56:01,680][INFO][main][com.zaxxer.hikari.HikariDataSource] HikariPool-1 - Start completed.
[2021-06-13 21:56:01,747][INFO][main][org.apache.juli.logging.DirectJDKLog] Starting ProtocolHandler ["http-nio-8080"]
[2021-06-13 21:56:01,766][INFO][main][org.springframework.boot.web.embedded.tomcat.TomcatWebServer] Tomcat started on port(s): 8080 (http) with context path ''
[2021-06-13 21:56:01,775][INFO][main][org.springframework.boot.StartupInfoLogger] Started OnlineChargeAccountApplication in 3.815 seconds (JVM running for 5.336)
[2021-06-13 21:56:05,645][INFO][http-nio-8080-exec-1][org.apache.juli.logging.DirectJDKLog] Initializing Spring DispatcherServlet 'dispatcherServlet'
[2021-06-13 21:56:05,645][INFO][http-nio-8080-exec-1][org.springframework.web.servlet.FrameworkServlet] Initializing Servlet 'dispatcherServlet'
[2021-06-13 21:56:05,646][INFO][http-nio-8080-exec-1][org.springframework.web.servlet.FrameworkServlet] Completed initialization in 1 ms
