[2021-06-26 15:16:26,938][INFO][main][org.springframework.boot.StartupInfoLogger] Starting OnlineChargeAccountApplication using Java 1.8.0_221 on AKIDARON with PID 8604 (D:\dasan\project\realproject\OnlineChargeAccount\online-charge-account\target\classes started by 秋长武大郎 in D:\dasan\project\realproject\OnlineChargeAccount\online-charge-account)
[2021-06-26 15:16:26,956][INFO][main][org.springframework.boot.SpringApplication] The following profiles are active: dev
[2021-06-26 15:16:28,049][INFO][main][org.springframework.data.repository.config.RepositoryConfigurationDelegate] Bootstrapping Spring Data JDBC repositories in DEFAULT mode.
[2021-06-26 15:16:28,064][INFO][main][org.springframework.data.repository.config.RepositoryConfigurationDelegate] Finished Spring Data repository scanning in 9 ms. Found 0 JDBC repository interfaces.
[2021-06-26 15:16:28,627][INFO][main][org.springframework.boot.web.embedded.tomcat.TomcatWebServer] Tomcat initialized with port(s): 8080 (http)
[2021-06-26 15:16:28,636][INFO][main][org.apache.juli.logging.DirectJDKLog] Initializing ProtocolHandler ["http-nio-8080"]
[2021-06-26 15:16:28,636][INFO][main][org.apache.juli.logging.DirectJDKLog] Starting service [Tomcat]
[2021-06-26 15:16:28,636][INFO][main][org.apache.juli.logging.DirectJDKLog] Starting Servlet engine: [Apache Tomcat/9.0.41]
[2021-06-26 15:16:29,062][INFO][main][org.apache.juli.logging.DirectJDKLog] Initializing Spring embedded WebApplicationContext
[2021-06-26 15:16:29,062][INFO][main][org.springframework.boot.web.servlet.context.ServletWebServerApplicationContext] Root WebApplicationContext: initialization completed in 2006 ms
[2021-06-26 15:16:29,827][INFO][main][org.springframework.scheduling.concurrent.ExecutorConfigurationSupport] Initializing ExecutorService 'applicationTaskExecutor'
[2021-06-26 15:16:29,977][WARN][main][org.springframework.boot.autoconfigure.thymeleaf.ThymeleafAutoConfiguration$DefaultTemplateResolverConfiguration] Cannot find template location: classpath:/templates/ (please add some templates or check your Thymeleaf configuration)
[2021-06-26 15:16:30,102][INFO][main][com.zaxxer.hikari.HikariDataSource] HikariPool-1 - Starting...
[2021-06-26 15:16:31,749][INFO][main][com.zaxxer.hikari.HikariDataSource] HikariPool-1 - Start completed.
[2021-06-26 15:16:31,807][INFO][main][org.apache.juli.logging.DirectJDKLog] Starting ProtocolHandler ["http-nio-8080"]
[2021-06-26 15:16:31,825][INFO][main][org.springframework.boot.web.embedded.tomcat.TomcatWebServer] Tomcat started on port(s): 8080 (http) with context path ''
[2021-06-26 15:16:31,833][INFO][main][org.springframework.boot.StartupInfoLogger] Started OnlineChargeAccountApplication in 5.396 seconds (JVM running for 7.269)
[2021-06-26 15:17:03,995][INFO][http-nio-8080-exec-1][org.apache.juli.logging.DirectJDKLog] Initializing Spring DispatcherServlet 'dispatcherServlet'
[2021-06-26 15:17:03,995][INFO][http-nio-8080-exec-1][org.springframework.web.servlet.FrameworkServlet] Initializing Servlet 'dispatcherServlet'
[2021-06-26 15:17:03,996][INFO][http-nio-8080-exec-1][org.springframework.web.servlet.FrameworkServlet] Completed initialization in 1 ms
